AndroidSessionLifecycle/app/build/outputs/logs/manifest-merger-debug-report.txt
-- Merging decision tree log ---
manifest
ADDED from src/main/AndroidManifest.xml:2:1-53:12
	package
		ADDED from src/main/AndroidManifest.xml:3:5-47
		INJECTED from src/main/AndroidManifest.xml
		INJECTED from src/main/AndroidManifest.xml
	android:versionName
		INJECTED from src/main/AndroidManifest.xml
		INJECTED from src/main/AndroidManifest.xml
	xmlns:android
		ADDED from src/main/AndroidManifest.xml:2:11-69
	android:versionCode
		INJECTED from src/main/AndroidManifest.xml
		INJECTED from src/main/AndroidManifest.xml
uses-permission#android.permission.ACCESS_NETWORK_STATE
ADDED from src/main/AndroidManifest.xml:5:5-78
MERGED from [com.google.android.gms:play-services-maps:8.3.0] AndroidManifest.xml:20:5-78
	android:name
		ADDED from src/main/AndroidManifest.xml:5:22-76
uses-permission#android.permission.INTERNET
ADDED from src/main/AndroidManifest.xml:6:5-66
MERGED from [com.google.android.gms:play-services-maps:8.3.0] AndroidManifest.xml:21:5-66
	android:name
		ADDED from src/main/AndroidManifest.xml:6:22-64
uses-permission#android.permission.GET_ACCOUNTS
ADDED from src/main/AndroidManifest.xml:8:5-70
	android:name
		ADDED from src/main/AndroidManifest.xml:8:22-68
uses-permission#android.permission.WAKE_LOCK
ADDED from src/main/AndroidManifest.xml:11:5-67
	android:name
		ADDED from src/main/AndroidManifest.xml:11:22-65
uses-permission#com.google.android.c2dm.permission.RECEIVE
ADDED from src/main/AndroidManifest.xml:13:5-81
	android:name
		ADDED from src/main/AndroidManifest.xml:13:22-79
permission#com.fede.androidsessionlifecycle.permission.C2D_MESSAGE
ADDED from src/main/AndroidManifest.xml:15:5-16:47
	android:protectionLevel
		ADDED from src/main/AndroidManifest.xml:16:9-44
	android:name
		ADDED from src/main/AndroidManifest.xml:15:17-87
uses-permission#com.fede.androidsessionlifecycle.permission.C2D_MESSAGE
ADDED from src/main/AndroidManifest.xml:17:5-95
	android:name
		ADDED from src/main/AndroidManifest.xml:17:22-92
application
ADDED from src/main/AndroidManifest.xml:20:5-51:19
MERGED from [com.android.support:appcompat-v7:23.1.1] AndroidManifest.xml:22:5-20
MERGED from [com.android.support:support-v4:23.1.1] AndroidManifest.xml:22:5-20
MERGED from [com.android.support:design:23.1.1] AndroidManifest.xml:22:5-20
MERGED from [com.android.support:appcompat-v7:23.1.1] AndroidManifest.xml:22:5-20
MERGED from [com.android.support:support-v4:23.1.1] AndroidManifest.xml:22:5-20
MERGED from [com.android.support:support-v4:23.1.1] AndroidManifest.xml:22:5-20
MERGED from [com.android.support:support-v4:23.1.1] AndroidManifest.xml:22:5-20
MERGED from [com.google.android.gms:play-services-location:8.3.0] AndroidManifest.xml:19:5-20
MERGED from [com.google.android.gms:play-services-basement:8.3.0] AndroidManifest.xml:20:5-24:19
MERGED from [com.android.support:support-v4:23.1.1] AndroidManifest.xml:22:5-20
MERGED from [com.google.android.gms:play-services-maps:8.3.0] AndroidManifest.xml:27:5-20
MERGED from [com.google.android.gms:play-services-basement:8.3.0] AndroidManifest.xml:20:5-24:19
MERGED from [com.android.support:support-v4:23.1.1] AndroidManifest.xml:22:5-20
	android:label
		ADDED from src/main/AndroidManifest.xml:23:9-41
	android:supportsRtl
		ADDED from src/main/AndroidManifest.xml:24:9-35
	android:allowBackup
		ADDED from src/main/AndroidManifest.xml:21:9-35
	android:icon
		ADDED from src/main/AndroidManifest.xml:22:9-43
	android:theme
		ADDED from src/main/AndroidManifest.xml:25:9-40
	android:name
		ADDED from src/main/AndroidManifest.xml:26:9-41
receiver#com.leanplum.GcmBroadcastReceiver
ADDED from src/main/AndroidManifest.xml:29:9-37:20
	android:permission
		ADDED from src/main/AndroidManifest.xml:31:13-73
	android:name
		ADDED from src/main/AndroidManifest.xml:30:13-61
intent-filter#com.fede.androidsessionlifecycle+com.google.android.c2dm.intent.RECEIVE+com.google.android.c2dm.intent.REGISTRATION
ADDED from src/main/AndroidManifest.xml:32:13-36:29
action#com.google.android.c2dm.intent.RECEIVE
ADDED from src/main/AndroidManifest.xml:33:17-81
	android:name
		ADDED from src/main/AndroidManifest.xml:33:25-78
action#com.google.android.c2dm.intent.REGISTRATION
ADDED from src/main/AndroidManifest.xml:34:17-86
	android:name
		ADDED from src/main/AndroidManifest.xml:34:25-83
category#com.fede.androidsessionlifecycle
ADDED from src/main/AndroidManifest.xml:35:17-77
	android:name
		ADDED from src/main/AndroidManifest.xml:35:27-74
service#com.leanplum.LeanplumPushService
ADDED from src/main/AndroidManifest.xml:38:9-68
	android:name
		ADDED from src/main/AndroidManifest.xml:38:18-65
activity#com.fede.androidsessionlifecycle.MainActivity
ADDED from src/main/AndroidManifest.xml:41:9-50:20
	android:label
		ADDED from src/main/AndroidManifest.xml:43:13-45
	android:theme
		ADDED from src/main/AndroidManifest.xml:44:13-56
	android:name
		ADDED from src/main/AndroidManifest.xml:42:13-73
intent-filter#android.intent.action.MAIN+android.intent.category.LAUNCHER
ADDED from src/main/AndroidManifest.xml:45:13-49:29
action#android.intent.action.MAIN
ADDED from src/main/AndroidManifest.xml:46:17-69
	android:name
		ADDED from src/main/AndroidManifest.xml:46:25-66
category#android.intent.category.LAUNCHER
ADDED from src/main/AndroidManifest.xml:48:17-77
	android:name
		ADDED from src/main/AndroidManifest.xml:48:27-74
uses-sdk
INJECTED from src/main/AndroidManifest.xml reason: use-sdk injection requested
MERGED from [com.android.support:appcompat-v7:23.1.1] AndroidManifest.xml:20:5-43
MERGED from [com.android.support:support-v4:23.1.1] AndroidManifest.xml:20:5-43
MERGED from [com.android.support:design:23.1.1] AndroidManifest.xml:20:5-43
MERGED from [com.android.support:appcompat-v7:23.1.1] AndroidManifest.xml:20:5-43
MERGED from [com.android.support:support-v4:23.1.1] AndroidManifest.xml:20:5-43
MERGED from [com.android.support:recyclerview-v7:23.1.1] AndroidManifest.xml:20:5-43
MERGED from [com.android.support:support-v4:23.1.1] AndroidManifest.xml:20:5-43
MERGED from [com.android.support:support-v4:23.1.1] AndroidManifest.xml:20:5-43
MERGED from [com.google.android.gms:play-services-location:8.3.0] AndroidManifest.xml:18:5-42
MERGED from [com.google.android.gms:play-services-base:8.3.0] AndroidManifest.xml:18:5-42
MERGED from [com.google.android.gms:play-services-basement:8.3.0] AndroidManifest.xml:18:5-42
MERGED from [com.android.support:support-v4:23.1.1] AndroidManifest.xml:20:5-43
MERGED from [com.google.android.gms:play-services-maps:8.3.0] AndroidManifest.xml:26:5-42
MERGED from [com.google.android.gms:play-services-base:8.3.0] AndroidManifest.xml:18:5-42
MERGED from [com.google.android.gms:play-services-basement:8.3.0] AndroidManifest.xml:18:5-42
MERGED from [com.android.support:support-v4:23.1.1] AndroidManifest.xml:20:5-43
	android:targetSdkVersion
		INJECTED from src/main/AndroidManifest.xml
		INJECTED from src/main/AndroidManifest.xml
	android:minSdkVersion
		INJECTED from src/main/AndroidManifest.xml
		INJECTED from src/main/AndroidManifest.xml
meta-data#com.google.android.gms.version
ADDED from [com.google.android.gms:play-services-basement:8.3.0] AndroidManifest.xml:21:9-23:69
MERGED from [com.google.android.gms:play-services-basement:8.3.0] AndroidManifest.xml:21:9-23:69
	android:value
		ADDED from [com.google.android.gms:play-services-basement:8.3.0] AndroidManifest.xml:23:13-66
	android:name
		ADDED from [com.google.android.gms:play-services-basement:8.3.0] AndroidManifest.xml:22:13-58
uses-feature#0x00020000
ADDED from [com.google.android.gms:play-services-maps:8.3.0] AndroidManifest.xml:22:5-24:33
	android:glEsVersion
		ADDED from [com.google.android.gms:play-services-maps:8.3.0] AndroidManifest.xml:23:8-40
	android:required
		ADDED from [com.google.android.gms:play-services-maps:8.3.0] AndroidManifest.xml:24:8-31